<?xml version="1.0" encoding="UTF-8" ?>
<testsuites>
  <testsuite errors="0" failures="1" hostname="miguel-Satellite-P755" id="0" name="UsuarioTests" package="com.novatec.edocument" tests="1" time="1.212" timestamp="2013-03-20T18:07:40">
      <properties />

      <testcase classname="com.novatec.edocument.UsuarioTests" name="testValidacionDeUsuario" time="1.19">
          <failure message="java.lang.AssertionError" type="junit.framework.AssertionFailedError">junit.framework.AssertionFailedError: java.lang.AssertionError
	at com.novatec.edocument.UsuarioTests.testValidacionDeUsuario(UsuarioTests.groovy:18)
</failure>

      </testcase>

      <system-out><![CDATA[--Output from testValidacionDeUsuario--
]]></system-out>

      <system-err><![CDATA[--Output from testValidacionDeUsuario--
]]></system-err>

  </testsuite>
</testsuites>
