<?xml version="1.0" encoding="UTF-8" ?>
<testsuites>
  <testsuite errors="1" failures="0" hostname="miguel-Satellite-P755" id="0" name="BootstrapTestTests" package="com.novatec.edocument" tests="1" time="0.461" timestamp="2013-02-14T19:55:12">
      <properties />

      <testcase classname="com.novatec.edocument.BootstrapTestTests" name="testCreacionDeUsuarios" time="0.435">
          <error type="java.lang.NullPointerException">java.lang.NullPointerException
	at com.novatec.edocument.UserRole.create(UserRole.groovy:32)
	at com.novatec.edocument.BootstrapTestTests.testCreacionDeUsuarios(BootstrapTestTests.groovy:75)
</error>

      </testcase>

      <system-out><![CDATA[--Output from testCreacionDeUsuarios--
grails.validation.ValidationErrors: 3 errors
Field error in object 'com.novatec.edocument.Organizacion' on field 'email': rejected value [null]; codes [com.novatec.edocument.Organizacion.email.nullable.error.com.novatec.edocument.Organizacion.email,com.novatec.edocument.Organizacion.email.nullable.error.email,com.novatec.edocument.Organizacion.email.nullable.error.java.lang.String,com.novatec.edocument.Organizacion.email.nullable.error,organizacion.email.nullable.error.com.novatec.edocument.Organizacion.email,organizacion.email.nullable.error.email,organizacion.email.nullable.error.java.lang.String,organizacion.email.nullable.error,com.novatec.edocument.Organizacion.email.nullable.com.novatec.edocument.Organizacion.email,com.novatec.edocument.Organizacion.email.nullable.email,com.novatec.edocument.Organizacion.email.nullable.java.lang.String,com.novatec.edocument.Organizacion.email.nullable,organizacion.email.nullable.com.novatec.edocument.Organizacion.email,organizacion.email.nullable.email,organizacion.email.nullable.java.lang.String,organizacion.email.nullable,nullable.com.novatec.edocument.Organizacion.email,nullable.email,nullable.java.lang.String,nullable]; arguments [email,class com.novatec.edocument.Organizacion]; default message [La propiedad [{0}] de la clase [{1}] no puede ser nulo]
Field error in object 'com.novatec.edocument.Organizacion' on field 'fechaPago': rejected value [null]; codes [com.novatec.edocument.Organizacion.fechaPago.nullable.error.com.novatec.edocument.Organizacion.fechaPago,com.novatec.edocument.Organizacion.fechaPago.nullable.error.fechaPago,com.novatec.edocument.Organizacion.fechaPago.nullable.error.java.util.Date,com.novatec.edocument.Organizacion.fechaPago.nullable.error,organizacion.fechaPago.nullable.error.com.novatec.edocument.Organizacion.fechaPago,organizacion.fechaPago.nullable.error.fechaPago,organizacion.fechaPago.nullable.error.java.util.Date,organizacion.fechaPago.nullable.error,com.novatec.edocument.Organizacion.fechaPago.nullable.com.novatec.edocument.Organizacion.fechaPago,com.novatec.edocument.Organizacion.fechaPago.nullable.fechaPago,com.novatec.edocument.Organizacion.fechaPago.nullable.java.util.Date,com.novatec.edocument.Organizacion.fechaPago.nullable,organizacion.fechaPago.nullable.com.novatec.edocument.Organizacion.fechaPago,organizacion.fechaPago.nullable.fechaPago,organizacion.fechaPago.nullable.java.util.Date,organizacion.fechaPago.nullable,nullable.com.novatec.edocument.Organizacion.fechaPago,nullable.fechaPago,nullable.java.util.Date,nullable]; arguments [fechaPago,class com.novatec.edocument.Organizacion]; default message [La propiedad [{0}] de la clase [{1}] no puede ser nulo]
Field error in object 'com.novatec.edocument.Organizacion' on field 'telefono': rejected value [null]; codes [com.novatec.edocument.Organizacion.telefono.nullable.error.com.novatec.edocument.Organizacion.telefono,com.novatec.edocument.Organizacion.telefono.nullable.error.telefono,com.novatec.edocument.Organizacion.telefono.nullable.error.java.lang.String,com.novatec.edocument.Organizacion.telefono.nullable.error,organizacion.telefono.nullable.error.com.novatec.edocument.Organizacion.telefono,organizacion.telefono.nullable.error.telefono,organizacion.telefono.nullable.error.java.lang.String,organizacion.telefono.nullable.error,com.novatec.edocument.Organizacion.telefono.nullable.com.novatec.edocument.Organizacion.telefono,com.novatec.edocument.Organizacion.telefono.nullable.telefono,com.novatec.edocument.Organizacion.telefono.nullable.java.lang.String,com.novatec.edocument.Organizacion.telefono.nullable,organizacion.telefono.nullable.com.novatec.edocument.Organizacion.telefono,organizacion.telefono.nullable.telefono,organizacion.telefono.nullable.java.lang.String,organizacion.telefono.nullable,nullable.com.novatec.edocument.Organizacion.telefono,nullable.telefono,nullable.java.lang.String,nullable]; arguments [telefono,class com.novatec.edocument.Organizacion]; default message [La propiedad [{0}] de la clase [{1}] no puede ser nulo]
grails.validation.ValidationErrors: 1 errors
Field error in object 'com.novatec.edocument.Usuario' on field 'organizacion': rejected value [null]; codes [com.novatec.edocument.Usuario.organizacion.nullable.error.com.novatec.edocument.Usuario.organizacion,com.novatec.edocument.Usuario.organizacion.nullable.error.organizacion,com.novatec.edocument.Usuario.organizacion.nullable.error.com.novatec.edocument.Organizacion,com.novatec.edocument.Usuario.organizacion.nullable.error,usuario.organizacion.nullable.error.com.novatec.edocument.Usuario.organizacion,usuario.organizacion.nullable.error.organizacion,usuario.organizacion.nullable.error.com.novatec.edocument.Organizacion,usuario.organizacion.nullable.error,com.novatec.edocument.Usuario.organizacion.nullable.com.novatec.edocument.Usuario.organizacion,com.novatec.edocument.Usuario.organizacion.nullable.organizacion,com.novatec.edocument.Usuario.organizacion.nullable.com.novatec.edocument.Organizacion,com.novatec.edocument.Usuario.organizacion.nullable,usuario.organizacion.nullable.com.novatec.edocument.Usuario.organizacion,usuario.organizacion.nullable.organizacion,usuario.organizacion.nullable.com.novatec.edocument.Organizacion,usuario.organizacion.nullable,nullable.com.novatec.edocument.Usuario.organizacion,nullable.organizacion,nullable.com.novatec.edocument.Organizacion,nullable]; arguments [organizacion,class com.novatec.edocument.Usuario]; default message [La propiedad [{0}] de la clase [{1}] no puede ser nulo]
]]></system-out>

      <system-err><![CDATA[--Output from testCreacionDeUsuarios--
]]></system-err>

  </testsuite>
</testsuites>
